<?xml version="1.0" encoding="UTF-8"?>
<!-- Generated by org.testng.reporters.JUnitReportReporter -->
<testsuite hostname="DESKTOP-4VT63TV" failures="0" tests="4" name="TestNG.Basic" time="0.012" errors="0" timestamp="2023-05-17T10:43:07 IST" skipped="2">
  <testcase classname="TestNG.Basic" name="tc3" time="0.005">
    <skipped/>
  </testcase> <!-- tc3 -->
  <system-out/>
  <testcase classname="TestNG.Basic" name="tc1" time="0.000">
    <skipped/>
  </testcase> <!-- tc1 -->
  <system-out/>
  <testcase classname="TestNG.Basic" name="tc2" time="0.002"/>
  <system-out/>
  <testcase classname="TestNG.Basic" name="tc2" time="0.005"/>
  <system-out/>
</testsuite> <!-- TestNG.Basic -->
